<?xml version="1.0" encoding="UTF-8"?>
<testng-results skipped="0" failed="0" total="2" passed="2">
  <reporter-output>
    <line>
      <![CDATA[Extent Report DirectoryC:\Users\nchao\IdeaProjects\myWalgreensFramework\walgreens\target\surefire-reports\html]]>
    </line>
  </reporter-output>
  <suite name="walgreens" duration-ms="34672" started-at="2022-03-17T18:39:58Z" finished-at="2022-03-17T18:40:32Z">
    <groups>
    </groups>
    <test name="login feature" duration-ms="34672" started-at="2022-03-17T18:39:58Z" finished-at="2022-03-17T18:40:32Z">
      <class name="login.TestLogin">
        <test-method status="PASS" signature="extentSetup(org.testng.ITestContext)[pri:0, instance:login.TestLogin@5419f379]" name="extentSetup" is-config="true" duration-ms="187" started-at="2022-03-17T14:39:57Z" finished-at="2022-03-17T14:39:58Z">
          <params>
            <param index="0">
              <value>
                <![CDATA[org.testng.TestRunner@25cc7470]]>
              </value>
            </param>
          </params>
          <reporter-output>
            <line>
              <![CDATA[Extent Report DirectoryC:\Users\nchao\IdeaProjects\myWalgreensFramework\walgreens\target\surefire-reports\html]]>
            </line>
          </reporter-output>
        </test-method> <!-- extentSetup -->
        <test-method status="PASS" signature="init(java.lang.String, java.lang.String)[pri:0, instance:login.TestLogin@5419f379]" name="init" is-config="true" duration-ms="9975" started-at="2022-03-17T14:39:58Z" finished-at="2022-03-17T14:40:08Z">
          <params>
            <param index="0">
              <value>
                <![CDATA[chrome]]>
              </value>
            </param>
            <param index="1">
              <value>
                <![CDATA[windows]]>
              </value>
            </param>
          </params>
          <reporter-output>
          </reporter-output>
        </test-method> <!-- init -->
        <test-method status="PASS" signature="startExtent(java.lang.reflect.Method)[pri:0, instance:login.TestLogin@5419f379]" name="startExtent" is-config="true" duration-ms="14" started-at="2022-03-17T14:40:08Z" finished-at="2022-03-17T14:40:08Z">
          <params>
            <param index="0">
              <value>
                <![CDATA[public void login.TestLogin.testLogin()]]>
              </value>
            </param>
          </params>
          <reporter-output>
          </reporter-output>
        </test-method> <!-- startExtent -->
        <test-method status="PASS" signature="testLogin()[pri:0, instance:login.TestLogin@5419f379]" name="testLogin" duration-ms="9262" started-at="2022-03-17T14:40:08Z" finished-at="2022-03-17T14:40:17Z">
          <reporter-output>
          </reporter-output>
        </test-method> <!-- testLogin -->
        <test-method status="PASS" signature="afterEachTestMethod(org.testng.ITestResult)[pri:0, instance:login.TestLogin@5419f379]" name="afterEachTestMethod" is-config="true" duration-ms="1270" started-at="2022-03-17T14:40:17Z" finished-at="2022-03-17T14:40:18Z">
          <params>
            <param index="0">
              <value>
                <![CDATA[[TestResult name=testLogin status=SUCCESS method=TestLogin.testLogin()[pri:0, instance:login.TestLogin@5419f379] output={null}]]]>
              </value>
            </param>
          </params>
          <reporter-output>
          </reporter-output>
        </test-method> <!-- afterEachTestMethod -->
        <test-method status="PASS" signature="tearDown()[pri:0, instance:login.TestLogin@5419f379]" name="tearDown" is-config="true" duration-ms="1" started-at="2022-03-17T14:40:18Z" finished-at="2022-03-17T14:40:18Z">
          <reporter-output>
          </reporter-output>
        </test-method> <!-- tearDown -->
        <test-method status="PASS" signature="init(java.lang.String, java.lang.String)[pri:0, instance:login.TestLogin@5419f379]" name="init" is-config="true" duration-ms="6450" started-at="2022-03-17T14:40:18Z" finished-at="2022-03-17T14:40:25Z">
          <params>
            <param index="0">
              <value>
                <![CDATA[chrome]]>
              </value>
            </param>
            <param index="1">
              <value>
                <![CDATA[windows]]>
              </value>
            </param>
          </params>
          <reporter-output>
          </reporter-output>
        </test-method> <!-- init -->
        <test-method status="PASS" signature="startExtent(java.lang.reflect.Method)[pri:0, instance:login.TestLogin@5419f379]" name="startExtent" is-config="true" duration-ms="1" started-at="2022-03-17T14:40:25Z" finished-at="2022-03-17T14:40:25Z">
          <params>
            <param index="0">
              <value>
                <![CDATA[public void login.TestLogin.testLoginWithInvalidCredentials()]]>
              </value>
            </param>
          </params>
          <reporter-output>
          </reporter-output>
        </test-method> <!-- startExtent -->
        <test-method status="PASS" signature="testLoginWithInvalidCredentials()[pri:0, instance:login.TestLogin@5419f379]" name="testLoginWithInvalidCredentials" duration-ms="6837" started-at="2022-03-17T14:40:25Z" finished-at="2022-03-17T14:40:31Z">
          <reporter-output>
          </reporter-output>
        </test-method> <!-- testLoginWithInvalidCredentials -->
        <test-method status="PASS" signature="afterEachTestMethod(org.testng.ITestResult)[pri:0, instance:login.TestLogin@5419f379]" name="afterEachTestMethod" is-config="true" duration-ms="849" started-at="2022-03-17T14:40:31Z" finished-at="2022-03-17T14:40:32Z">
          <params>
            <param index="0">
              <value>
                <![CDATA[[TestResult name=testLoginWithInvalidCredentials status=SUCCESS method=TestLogin.testLoginWithInvalidCredentials()[pri:0, instance:login.TestLogin@5419f379] output={null}]]]>
              </value>
            </param>
          </params>
          <reporter-output>
          </reporter-output>
        </test-method> <!-- afterEachTestMethod -->
        <test-method status="PASS" signature="tearDown()[pri:0, instance:login.TestLogin@5419f379]" name="tearDown" is-config="true" duration-ms="1" started-at="2022-03-17T14:40:32Z" finished-at="2022-03-17T14:40:32Z">
          <reporter-output>
          </reporter-output>
        </test-method> <!-- tearDown -->
        <test-method status="PASS" signature="generateReport()[pri:0, instance:login.TestLogin@5419f379]" name="generateReport" is-config="true" duration-ms="46" started-at="2022-03-17T14:40:32Z" finished-at="2022-03-17T14:40:32Z">
          <reporter-output>
          </reporter-output>
        </test-method> <!-- generateReport -->
      </class> <!-- login.TestLogin -->
    </test> <!-- login feature -->
  </suite> <!-- walgreens -->
</testng-results>
